<?xml version="1.0" encoding="UTF-8"?>
<!-- Generated by org.testng.reporters.JUnitReportReporter -->
<testsuite skipped="0" hostname="IN-LP-101" name="annotations.AnnotationsTest" tests="2" failures="0" timestamp="2023-02-14T10:46:30 IST" time="0.004" errors="0">
  <testcase name="testmethod1" time="0.003" classname="annotations.AnnotationsTest"/>
  <system-out/>
  <testcase name="testmethod2" time="0.001" classname="annotations.AnnotationsTest"/>
  <system-out/>
</testsuite> <!-- annotations.AnnotationsTest -->
