<?xml version="1.0" encoding="UTF-8"?>
<!-- Generated by org.testng.reporters.JUnitReportReporter -->
<testsuite skipped="0" hostname="IN-LP-101" name="org.com.aik.airkorder.AikLogin_TestCase" tests="1" failures="0" timestamp="2023-02-14T10:46:30 IST" time="34.005" errors="0">
  <testcase name="testcase" time="34.005" classname="org.com.aik.airkorder.AikLogin_TestCase"/>
  <system-out/>
</testsuite> <!-- org.com.aik.airkorder.AikLogin_TestCase -->
