<?xml version="1.0" encoding="UTF-8"?>
<!-- Generated by org.testng.reporters.JUnitReportReporter -->
<testsuite skipped="0" hostname="IN-LP-101" name="org.com.aik.airkorder.AppTest" tests="1" failures="0" timestamp="2023-02-14T10:46:30 IST" time="0.010" errors="0">
  <testcase name="shouldAnswerWithTrue" time="0.010" classname="org.com.aik.airkorder.AppTest"/>
  <system-out/>
</testsuite> <!-- org.com.aik.airkorder.AppTest -->
