<?xml version="1.0" encoding="UTF-8"?>
<!-- Generated by org.testng.reporters.JUnitReportReporter -->
<testsuite hostname="IN-LP-101" failures="0" tests="2" name="annotations.AnnotationsTest" time="0.006" errors="0" timestamp="2023-02-09T15:17:40 IST" skipped="0">
  <testcase classname="annotations.AnnotationsTest" name="testmethod2" time="0.002"/>
  <system-out/>
  <testcase classname="annotations.AnnotationsTest" name="testmethod1" time="0.004"/>
  <system-out/>
</testsuite> <!-- annotations.AnnotationsTest -->
