<?xml version="1.0" encoding="UTF-8"?>
<!-- Generated by org.testng.reporters.JUnitReportReporter -->
<testsuite hostname="IN-LP-101" failures="0" tests="4" name="parallelTest.TestClass1" time="0.014" errors="0" timestamp="2023-02-09T17:15:48 IST" skipped="0">
  <testcase classname="parallelTest.TestClass1" name="testMethod3" time="0.001"/>
  <system-out/>
  <testcase classname="parallelTest.TestClass1" name="testMethod2" time="0.001"/>
  <system-out/>
  <testcase classname="parallelTest.TestClass1" name="testMethod1" time="0.012"/>
  <system-out/>
  <testcase classname="parallelTest.TestClass1" name="testMethod4" time="0.000"/>
  <system-out/>
</testsuite> <!-- parallelTest.TestClass1 -->
