<?xml version="1.0" encoding="UTF-8"?>
<!-- Generated by org.testng.reporters.JUnitReportReporter -->
<testsuite hostname="IN-LP-101" failures="0" tests="1" name="org.com.aik.airkorder.AikLogin_TestCase" time="12.893" errors="0" timestamp="2023-01-31T13:45:55 IST" skipped="0">
  <testcase classname="org.com.aik.airkorder.AikLogin_TestCase" name="testcase" time="12.893"/>
  <system-out/>
</testsuite> <!-- org.com.aik.airkorder.AikLogin_TestCase -->
